#
# There is insufficient memory for the Java Runtime Environment to continue.
# Native memory allocation (mmap) failed to map 264241152 bytes. Error detail: G1 virtual space
# Possible reasons:
#   The system is out of physical RAM or swap space
#   This process is running with CompressedOops enabled, and the Java Heap may be blocking the growth of the native heap
# Possible solutions:
#   Reduce memory load on the system
#   Increase physical memory or swap space
#   Check if swap backing store is full
#   Decrease Java heap size (-Xmx/-Xms)
#   Decrease number of Java threads
#   Decrease Java thread stack sizes (-Xss)
#   Set larger code cache with -XX:ReservedCodeCacheSize=
#   JVM is running with Zero Based Compressed Oops mode in which the Java heap is
#     placed in the first 32GB address space. The Java Heap base address is the
#     maximum limit for the native heap growth. Please use -XX:HeapBaseMinAddress
#     to set the Java Heap base and to place the Java Heap above 32GB virtual address.
# This output file may be truncated or incomplete.
#
#  Out of Memory Error (os_windows.cpp:3825), pid=34364, tid=12716
#
# JRE version:  (17.0.11+1) (build )
# Java VM: OpenJDK 64-Bit Server VM (17.0.11+1-b1207.30, mixed mode, sharing, tiered, compressed oops, compressed class ptrs, g1 gc, windows-amd64)
# No core dump will be written. Minidumps are not enabled by default on client versions of Windows
#

---------------  S U M M A R Y ------------

Command Line: git4idea.http.GitAskPassApp Username for 'https://github.com': 

Host: 12th Gen Intel(R) Core(TM) i7-12700H, 20 cores, 15G,  Windows 11 , 64 bit Build 22621 (10.0.22621.4391)
Time: Sat Nov 16 15:34:18 2024  Windows 11 , 64 bit Build 22621 (10.0.22621.4391) elapsed time: 0.013390 seconds (0d 0h 0m 0s)

---------------  T H R E A D  ---------------

Current thread (0x0000027ea0d2f670):  JavaThread "Unknown thread" [_thread_in_vm, id=12716, stack(0x000000cbc1800000,0x000000cbc1900000)]

Stack: [0x000000cbc1800000,0x000000cbc1900000]
Native frames: (J=compiled Java code, j=interpreted, Vv=VM code, C=native code)
V  [jvm.dll+0x6877f9]
V  [jvm.dll+0x8411aa]
V  [jvm.dll+0x842e2e]
V  [jvm.dll+0x843493]
V  [jvm.dll+0x249fdf]
V  [jvm.dll+0x6845c9]
V  [jvm.dll+0x678e7a]
V  [jvm.dll+0x30ab4b]
V  [jvm.dll+0x311ff6]
V  [jvm.dll+0x361a5e]
V  [jvm.dll+0x361c8f]
V  [jvm.dll+0x2e0978]
V  [jvm.dll+0x2e18e4]
V  [jvm.dll+0x811c71]
V  [jvm.dll+0x36f7c8]
V  [jvm.dll+0x7f05f6]
V  [jvm.dll+0x3f398f]
V  [jvm.dll+0x3f5541]
C  [jli.dll+0x528f]
C  [ucrtbase.dll+0x29333]
C  [KERNEL32.DLL+0x1259d]
C  [ntdll.dll+0x5af38]


---------------  P R O C E S S  ---------------

Threads class SMR info:
_java_thread_list=0x00007ffc0ce5efd8, length=0, elements={
}

Java Threads: ( => current thread )

Other Threads:
  0x0000027ea0d9ca40 GCTaskThread "GC Thread#0" [stack: 0x000000cbc1900000,0x000000cbc1a00000] [id=37016]
  0x0000027ea0dad590 ConcurrentGCThread "G1 Main Marker" [stack: 0x000000cbc1a00000,0x000000cbc1b00000] [id=37720]
  0x0000027ea0dadfb0 ConcurrentGCThread "G1 Conc#0" [stack: 0x000000cbc1b00000,0x000000cbc1c00000] [id=37360]

[error occurred during error reporting (printing all threads), id 0xc0000005, EXCEPTION_ACCESS_VIOLATION (0xc0000005) at pc=0x00007ffc0c611547]

VM state: not at safepoint (not fully initialized)

VM Mutex/Monitor currently owned by a thread:  ([mutex/lock_event])
[0x0000027ea0d2b3c0] Heap_lock - owner thread: 0x0000027ea0d2f670

Heap address: 0x0000000704000000, size: 4032 MB, Compressed Oops mode: Zero based, Oop shift amount: 3

CDS archive(s) mapped at: [0x0000000000000000-0x0000000000000000-0x0000000000000000), size 0, SharedBaseAddress: 0x0000000800000000, ArchiveRelocationMode: 1.
Narrow klass base: 0x0000000000000000, Narrow klass shift: 0, Narrow klass range: 0x0

GC Precious Log:
<Empty>

Heap:
 garbage-first heap   total 0K, used 0K [0x0000000704000000, 0x0000000800000000)
  region size 2048K, 0 young (0K), 0 survivors (0K)
 Metaspace       used 0K, committed 0K, reserved 0K
  class space    used 0K, committed 0K, reserved 0K

Heap Regions: E=young(eden), S=young(survivor), O=old, HS=humongous(starts), HC=humongous(continues), CS=collection set, F=free, OA=open archive, CA=closed archive, TAMS=top-at-mark-start (previous, next)

Card table byte_map: [0x0000027eb4740000,0x0000027eb4f20000] _byte_map_base: 0x0000027eb0f20000

Marking Bits (Prev, Next): (CMBitMap*) 0x0000027ea0d9d060, (CMBitMap*) 0x0000027ea0d9d0a0
 Prev Bits: [0x0000027eb5700000, 0x0000027eb9600000)
 Next Bits: [0x0000027eb9600000, 0x0000027ebd500000)

GC Heap History (0 events):
No events

Dll operation events (1 events):
Event: 0.010 Loaded shared library C:\Users\25748\.jbr\jbr_jcef-17.0.11-windows-x64-b1207.30\bin\java.dll

Deoptimization events (0 events):
No events

Classes unloaded (0 events):
No events

Classes redefined (0 events):
No events

Internal exceptions (0 events):
No events

VM Operations (0 events):
No events

Events (0 events):
No events


Dynamic libraries:
0x00007ff7cdba0000 - 0x00007ff7cdbaa000 	C:\Users\25748\.jbr\jbr_jcef-17.0.11-windows-x64-b1207.30\bin\java.exe
0x00007ffcc5c50000 - 0x00007ffcc5e67000 	C:\WINDOWS\SYSTEM32\ntdll.dll
0x00007ffcc5b40000 - 0x00007ffcc5c04000 	C:\WINDOWS\System32\KERNEL32.DLL
0x00007ffcc3010000 - 0x00007ffcc33c9000 	C:\WINDOWS\System32\KERNELBASE.dll
0x00007ffcc3610000 - 0x00007ffcc3721000 	C:\WINDOWS\System32\ucrtbase.dll
0x00007ffca0720000 - 0x00007ffca0737000 	C:\Users\25748\.jbr\jbr_jcef-17.0.11-windows-x64-b1207.30\bin\jli.dll
0x00007ffc61e70000 - 0x00007ffc61e8b000 	C:\Users\25748\.jbr\jbr_jcef-17.0.11-windows-x64-b1207.30\bin\VCRUNTIME140.dll
0x00007ffcc3bb0000 - 0x00007ffcc3d5e000 	C:\WINDOWS\System32\USER32.dll
0x00007ffcc3940000 - 0x00007ffcc3966000 	C:\WINDOWS\System32\win32u.dll
0x00007ffca6270000 - 0x00007ffca6502000 	C:\WINDOWS\WinSxS\amd64_microsoft.windows.common-controls_6595b64144ccf1df_6.0.22621.4391_none_2715d37f73803e96\COMCTL32.dll
0x00007ffcc44b0000 - 0x00007ffcc44d9000 	C:\WINDOWS\System32\GDI32.dll
0x00007ffcc34f0000 - 0x00007ffcc360b000 	C:\WINDOWS\System32\gdi32full.dll
0x00007ffcc4600000 - 0x00007ffcc46a7000 	C:\WINDOWS\System32\msvcrt.dll
0x00007ffcc3450000 - 0x00007ffcc34ea000 	C:\WINDOWS\System32\msvcp_win.dll
0x00007ffcc4f20000 - 0x00007ffcc4f51000 	C:\WINDOWS\System32\IMM32.DLL
0x00007ffcbd5e0000 - 0x00007ffcbd5ec000 	C:\Users\25748\.jbr\jbr_jcef-17.0.11-windows-x64-b1207.30\bin\vcruntime140_1.dll
0x00007ffc12b80000 - 0x00007ffc12c0d000 	C:\Users\25748\.jbr\jbr_jcef-17.0.11-windows-x64-b1207.30\bin\msvcp140.dll
0x00007ffc0c320000 - 0x00007ffc0cfa3000 	C:\Users\25748\.jbr\jbr_jcef-17.0.11-windows-x64-b1207.30\bin\server\jvm.dll
0x00007ffcc4540000 - 0x00007ffcc45f2000 	C:\WINDOWS\System32\ADVAPI32.dll
0x00007ffcc4c50000 - 0x00007ffcc4cf7000 	C:\WINDOWS\System32\sechost.dll
0x00007ffcc3910000 - 0x00007ffcc3938000 	C:\WINDOWS\System32\bcrypt.dll
0x00007ffcc39f0000 - 0x00007ffcc3b04000 	C:\WINDOWS\System32\RPCRT4.dll
0x00007ffcbc8c0000 - 0x00007ffcbc8f4000 	C:\WINDOWS\SYSTEM32\WINMM.dll
0x00007ffca43f0000 - 0x00007ffca43f9000 	C:\WINDOWS\SYSTEM32\WSOCK32.dll
0x00007ffcc2ba0000 - 0x00007ffcc2bed000 	C:\WINDOWS\SYSTEM32\POWRPROF.dll
0x00007ffcba7e0000 - 0x00007ffcba7ea000 	C:\WINDOWS\SYSTEM32\VERSION.dll
0x00007ffcc3970000 - 0x00007ffcc39e1000 	C:\WINDOWS\System32\WS2_32.dll
0x00007ffcc29a0000 - 0x00007ffcc29b3000 	C:\WINDOWS\SYSTEM32\UMPDC.dll
0x00007ffcc1f50000 - 0x00007ffcc1f68000 	C:\WINDOWS\SYSTEM32\kernel.appcore.dll
0x00007ffcb8900000 - 0x00007ffcb890a000 	C:\Users\25748\.jbr\jbr_jcef-17.0.11-windows-x64-b1207.30\bin\jimage.dll
0x00007ffcc0910000 - 0x00007ffcc0b42000 	C:\WINDOWS\SYSTEM32\DBGHELP.DLL
0x00007ffcc4790000 - 0x00007ffcc4b1f000 	C:\WINDOWS\System32\combase.dll
0x00007ffcc46b0000 - 0x00007ffcc4787000 	C:\WINDOWS\System32\OLEAUT32.dll
0x00007ffcba160000 - 0x00007ffcba192000 	C:\WINDOWS\SYSTEM32\dbgcore.DLL
0x00007ffcc33d0000 - 0x00007ffcc344b000 	C:\WINDOWS\System32\bcryptPrimitives.dll
0x00007ffc9ffb0000 - 0x00007ffc9ffd5000 	C:\Users\25748\.jbr\jbr_jcef-17.0.11-windows-x64-b1207.30\bin\java.dll

dbghelp: loaded successfully - version: 4.0.5 - missing functions: none
symbol engine: initialized successfully - sym options: 0x614 - pdb path: .;C:\Users\25748\.jbr\jbr_jcef-17.0.11-windows-x64-b1207.30\bin;C:\WINDOWS\SYSTEM32;C:\WINDOWS\WinSxS\amd64_microsoft.windows.common-controls_6595b64144ccf1df_6.0.22621.4391_none_2715d37f73803e96;C:\Users\25748\.jbr\jbr_jcef-17.0.11-windows-x64-b1207.30\bin\server

VM Arguments:
java_command: git4idea.http.GitAskPassApp Username for 'https://github.com': 
java_class_path (initial): D:/User/Android Studio/plugins/vcs-git/lib/git4idea-rt.jar;D:/User/Android Studio/lib/externalProcess-rt.jar
Launcher Type: SUN_STANDARD

[Global flags]
     intx CICompilerCount                          = 12                                        {product} {ergonomic}
     uint ConcGCThreads                            = 4                                         {product} {ergonomic}
     uint G1ConcRefinementThreads                  = 15                                        {product} {ergonomic}
   size_t G1HeapRegionSize                         = 2097152                                   {product} {ergonomic}
    uintx GCDrainStackTargetSize                   = 64                                        {product} {ergonomic}
   size_t InitialHeapSize                          = 264241152                                 {product} {ergonomic}
   size_t MarkStackSize                            = 4194304                                   {product} {ergonomic}
   size_t MaxHeapSize                              = 4227858432                                {product} {ergonomic}
   size_t MinHeapDeltaBytes                        = 2097152                                   {product} {ergonomic}
   size_t MinHeapSize                              = 8388608                                   {product} {ergonomic}
    uintx NonNMethodCodeHeapSize                   = 7602480                                {pd product} {ergonomic}
    uintx NonProfiledCodeHeapSize                  = 122027880                              {pd product} {ergonomic}
    uintx ProfiledCodeHeapSize                     = 122027880                              {pd product} {ergonomic}
    uintx ReservedCodeCacheSize                    = 251658240                              {pd product} {ergonomic}
     bool SegmentedCodeCache                       = true                                      {product} {ergonomic}
   size_t SoftMaxHeapSize                          = 4227858432                             {manageable} {ergonomic}
     bool UseCompressedClassPointers               = true                           {product lp64_product} {ergonomic}
     bool UseCompressedOops                        = true                           {product lp64_product} {ergonomic}
     bool UseG1GC                                  = true                                      {product} {ergonomic}
     bool UseLargePagesIndividualAllocation        = false                                  {pd product} {ergonomic}

Logging:
Log output configuration:
 #0: stdout all=warning uptime,level,tags
 #1: stderr all=off uptime,level,tags

Environment Variables:
JAVA_HOME=C:\Program Files\Java\jdk-22
PATH=D:/User/Git/mingw64/libexec/git-core;D:/User/Git/mingw64/libexec/git-core;D:\User\Git\mingw64\bin;D:\User\Git\usr\bin;C:\Users\25748\bin;D:\User\VMware\bin\;D:\User\Python\Python3.10\Scripts\;D:\User\Python\Python3.10\;C:\Program Files\Java\jdk-22\bin;C:\Program Files\Common Files\Oracle\Java\javapath;C:\Windows\system32;C:\Windows;C:\Windows\System32\Wbem;C:\Windows\System32\WindowsPowerShell\v1.0\;C:\Windows\System32\OpenSSH\;C:\Program Files (x86)\NVIDIA Corporation\PhysX\Common;C:\Program Files\NVIDIA Corporation\NVIDIA NvDLISR;C:\WINDOWS\system32;C:\WINDOWS;C:\WINDOWS\System32\Wbem;C:\WINDOWS\System32\WindowsPowerShell\v1.0\;C:\WINDOWS\System32\OpenSSH\;D:\User\Git\cmd;D:\User\mingw64\bin;D:\User\MongoDB\bin;D:\25748\Desktop\apkChange\apktool.bat;D:\User\MySQL\MySQL Server 8.0;D:\User\MySQL\MySQL Server 8.0\bin;C:\Users\25748\AppData\Local\Android\Sdk\platform-tools;D:\User\Redis-x64-5.0.14;C:\Users\25748\AppData\Local\Microsoft\WindowsApps;C:\Users\25748\AppData\Local\Programs\Microsoft VS Code\bin;%DevEco Studio%
USERNAME=25748
DISPLAY=:0.0
LC_ALL=en_US.UTF-8
TERM=xterm-256color
TMPDIR=C:\Users\25748\AppData\Local\Temp
OS=Windows_NT
PROCESSOR_IDENTIFIER=Intel64 Family 6 Model 154 Stepping 3, GenuineIntel
TMP=C:\Users\25748\AppData\Local\Temp
TEMP=C:\Users\25748\AppData\Local\Temp



Periodic native trim disabled

JNI global refs:
JNI global refs: 0, weak refs: 0

JNI global refs memory usage: 0, weak refs: 0

Process memory usage:
Resident Set Size: 12020K (0% of 16511524K total physical memory with 356008K free physical memory)

OOME stack traces (most recent first):
Classloader memory used:


---------------  S Y S T E M  ---------------

OS:
 Windows 11 , 64 bit Build 22621 (10.0.22621.4391)
OS uptime: 2 days 10:59 hours
Hyper-V role detected

CPU: total 20 (initial active 20) (10 cores per cpu, 2 threads per core) family 6 model 154 stepping 3 microcode 0x414, cx8, cmov, fxsr, ht, mmx, 3dnowpref, sse, sse2, sse3, ssse3, sse4.1, sse4.2, popcnt, lzcnt, tsc, tscinvbit, avx, avx2, aes, erms, clmul, bmi1, bmi2, adx, sha, fma, vzeroupper, clflush, clflushopt, clwb, hv
Processor Information for processor 0
  Max Mhz: 2300, Current Mhz: 2300, Mhz Limit: 2300
Processor Information for processor 1
  Max Mhz: 2300, Current Mhz: 1506, Mhz Limit: 2300
Processor Information for processor 2
  Max Mhz: 2300, Current Mhz: 2300, Mhz Limit: 2300
Processor Information for processor 3
  Max Mhz: 2300, Current Mhz: 1506, Mhz Limit: 2300
Processor Information for processor 4
  Max Mhz: 2300, Current Mhz: 2300, Mhz Limit: 2300
Processor Information for processor 5
  Max Mhz: 2300, Current Mhz: 1506, Mhz Limit: 2300
Processor Information for processor 6
  Max Mhz: 2300, Current Mhz: 1506, Mhz Limit: 2300
Processor Information for processor 7
  Max Mhz: 2300, Current Mhz: 2300, Mhz Limit: 2300
Processor Information for processor 8
  Max Mhz: 2300, Current Mhz: 2300, Mhz Limit: 2300
Processor Information for processor 9
  Max Mhz: 2300, Current Mhz: 1506, Mhz Limit: 2300
Processor Information for processor 10
  Max Mhz: 2300, Current Mhz: 1506, Mhz Limit: 2300
Processor Information for processor 11
  Max Mhz: 2300, Current Mhz: 2300, Mhz Limit: 2300
Processor Information for processor 12
  Max Mhz: 2300, Current Mhz: 1700, Mhz Limit: 1679
Processor Information for processor 13
  Max Mhz: 2300, Current Mhz: 1700, Mhz Limit: 1679
Processor Information for processor 14
  Max Mhz: 2300, Current Mhz: 1500, Mhz Limit: 1679
Processor Information for processor 15
  Max Mhz: 2300, Current Mhz: 1500, Mhz Limit: 1679
Processor Information for processor 16
  Max Mhz: 2300, Current Mhz: 1700, Mhz Limit: 1679
Processor Information for processor 17
  Max Mhz: 2300, Current Mhz: 1500, Mhz Limit: 1679
Processor Information for processor 18
  Max Mhz: 2300, Current Mhz: 1500, Mhz Limit: 1679
Processor Information for processor 19
  Max Mhz: 2300, Current Mhz: 1700, Mhz Limit: 1679

Memory: 4k page, system-wide physical 16124M (347M free)
TotalPageFile size 31485M (AvailPageFile size 155M)
current process WorkingSet (physical memory assigned to process): 11M, peak: 11M
current process commit charge ("private bytes"): 75M, peak: 327M

vm_info: OpenJDK 64-Bit Server VM (17.0.11+1-b1207.30) for windows-amd64 JRE (17.0.11+1-b1207.30), built on 2024-07-12 by "builduser" with MS VC++ 16.10 / 16.11 (VS2019)

END.
